2019-12-31 14:37:14,751 - __main__ - INFO - merhaba
2019-12-31 14:37:14,754 - __main__ - INFO - Starting registrations for new patient (130_S_0505)
2019-12-31 14:37:14,757 - __main__ - INFO - Starting registration of (130_S_0505__2006-10-18_09_43_32.nii, 130_S_0505__2007-04-09_08_12_06.nii)
2019-12-31 14:47:57,004 - __main__ - INFO - Registration done and new image file is written to /Users/umutkucukaslan/Desktop/pmsd/dataset/data/130_S_0505/2007-04-09_08_12_06/reg_130_S_0505__2007-04-09_08_12_06.nii
2019-12-31 14:47:57,007 - __main__ - INFO - Starting registration of (130_S_0505__2006-10-18_09_43_32.nii, 130_S_0505__2007-10-10_09_00_07.nii)
2019-12-31 15:00:28,895 - __main__ - INFO - Registration done and new image file is written to /Users/umutkucukaslan/Desktop/pmsd/dataset/data/130_S_0505/2007-10-10_09_00_07/reg_130_S_0505__2007-10-10_09_00_07.nii
2019-12-31 15:00:28,898 - __main__ - INFO - Starting registration of (130_S_0505__2006-10-18_09_43_32.nii, 130_S_0505__2008-04-10_08_57_50.nii)
2019-12-31 15:12:42,548 - __main__ - INFO - Registration done and new image file is written to /Users/umutkucukaslan/Desktop/pmsd/dataset/data/130_S_0505/2008-04-10_08_57_50/reg_130_S_0505__2008-04-10_08_57_50.nii
2019-12-31 15:12:42,550 - __main__ - INFO - Starting registration of (130_S_0505__2006-10-18_09_43_32.nii, 130_S_0505__2008-10-13_10_53_00.nii)
2019-12-31 15:19:49,644 - __main__ - INFO - Registration done and new image file is written to /Users/umutkucukaslan/Desktop/pmsd/dataset/data/130_S_0505/2008-10-13_10_53_00/reg_130_S_0505__2008-10-13_10_53_00.nii
2019-12-31 15:19:49,645 - __main__ - INFO - Starting registrations for new patient (051_S_1331)
2019-12-31 15:19:49,647 - __main__ - INFO - Starting registration of (051_S_1331__2007-04-26_09_35_03.nii, 051_S_1331__2007-11-06_09_42_57.nii)
2019-12-31 15:28:18,802 - __main__ - INFO - Registration done and new image file is written to /Users/umutkucukaslan/Desktop/pmsd/dataset/data/051_S_1331/2007-11-06_09_42_57/reg_051_S_1331__2007-11-06_09_42_57.nii
2019-12-31 15:28:18,805 - __main__ - INFO - Starting registration of (051_S_1331__2007-04-26_09_35_03.nii, 051_S_1331__2008-07-07_15_32_12.nii)
2019-12-31 15:37:25,107 - __main__ - INFO - Registration done and new image file is written to /Users/umutkucukaslan/Desktop/pmsd/dataset/data/051_S_1331/2008-07-07_15_32_12/reg_051_S_1331__2008-07-07_15_32_12.nii
2019-12-31 15:37:25,110 - __main__ - INFO - Starting registration of (051_S_1331__2007-04-26_09_35_03.nii, 051_S_1331__2008-11-25_13_27_36.nii)
2019-12-31 15:42:42,000 - __main__ - INFO - Registration done and new image file is written to /Users/umutkucukaslan/Desktop/pmsd/dataset/data/051_S_1331/2008-11-25_13_27_36/reg_051_S_1331__2008-11-25_13_27_36.nii
2019-12-31 15:42:42,001 - __main__ - INFO - Starting registration of (051_S_1331__2007-04-26_09_35_03.nii, 051_S_1331__2009-07-13_09_41_30.nii)
2019-12-31 15:53:19,126 - __main__ - INFO - Registration done and new image file is written to /Users/umutkucukaslan/Desktop/pmsd/dataset/data/051_S_1331/2009-07-13_09_41_30/reg_051_S_1331__2009-07-13_09_41_30.nii
2019-12-31 15:53:19,127 - __main__ - INFO - Starting registrations for new patient (005_S_0814)
2019-12-31 15:53:19,128 - __main__ - INFO - Starting registration of (005_S_0814__2006-09-20_11_11_42.nii, 005_S_0814__2007-04-05_14_02_37.nii)
2019-12-31 16:06:12,298 - __main__ - INFO - Registration done and new image file is written to /Users/umutkucukaslan/Desktop/pmsd/dataset/data/005_S_0814/2007-04-05_14_02_37/reg_005_S_0814__2007-04-05_14_02_37.nii
2019-12-31 16:06:12,300 - __main__ - INFO - Starting registration of (005_S_0814__2006-09-20_11_11_42.nii, 005_S_0814__2007-11-27_11_19_32.nii)
2019-12-31 16:21:15,846 - __main__ - INFO - Registration done and new image file is written to /Users/umutkucukaslan/Desktop/pmsd/dataset/data/005_S_0814/2007-11-27_11_19_32/reg_005_S_0814__2007-11-27_11_19_32.nii
2019-12-31 16:21:15,849 - __main__ - INFO - Starting registration of (005_S_0814__2006-09-20_11_11_42.nii, 005_S_0814__2008-10-08_14_17_28.nii)
2019-12-31 16:31:45,837 - __main__ - INFO - Registration done and new image file is written to /Users/umutkucukaslan/Desktop/pmsd/dataset/data/005_S_0814/2008-10-08_14_17_28/reg_005_S_0814__2008-10-08_14_17_28.nii
2019-12-31 16:31:45,839 - __main__ - INFO - Starting registrations for new patient (032_S_1169)
2019-12-31 16:31:45,841 - __main__ - INFO - Starting registration of (032_S_1169__2007-01-24_09_27_14.nii, 032_S_1169__2007-08-24_12_17_26.nii)
2019-12-31 16:39:24,940 - __main__ - INFO - Registration done and new image file is written to /Users/umutkucukaslan/Desktop/pmsd/dataset/data/032_S_1169/2007-08-24_12_17_26/reg_032_S_1169__2007-08-24_12_17_26.nii
2019-12-31 16:39:24,942 - __main__ - INFO - Starting registration of (032_S_1169__2007-01-24_09_27_14.nii, 032_S_1169__2008-01-17_12_55_45.nii)
2019-12-31 16:47:44,422 - __main__ - INFO - Registration done and new image file is written to /Users/umutkucukaslan/Desktop/pmsd/dataset/data/032_S_1169/2008-01-17_12_55_45/reg_032_S_1169__2008-01-17_12_55_45.nii
2019-12-31 16:47:44,425 - __main__ - INFO - Starting registration of (032_S_1169__2007-01-24_09_27_14.nii, 032_S_1169__2009-01-21_10_37_40.nii)
2019-12-31 16:58:39,232 - __main__ - INFO - Registration done and new image file is written to /Users/umutkucukaslan/Desktop/pmsd/dataset/data/032_S_1169/2009-01-21_10_37_40/reg_032_S_1169__2009-01-21_10_37_40.nii
2019-12-31 16:58:39,234 - __main__ - INFO - Starting registrations for new patient (023_S_1247)
2019-12-31 16:58:39,236 - __main__ - INFO - Starting registration of (023_S_1247__2007-02-21_14_10_43.nii, 023_S_1247__2007-08-02_13_37_53.nii)
2019-12-31 17:06:58,639 - __main__ - INFO - Registration done and new image file is written to /Users/umutkucukaslan/Desktop/pmsd/dataset/data/023_S_1247/2007-08-02_13_37_53/reg_023_S_1247__2007-08-02_13_37_53.nii
2019-12-31 17:06:58,640 - __main__ - INFO - Starting registration of (023_S_1247__2007-02-21_14_10_43.nii, 023_S_1247__2008-01-29_09_10_42.nii)
2019-12-31 17:13:17,903 - __main__ - INFO - Registration done and new image file is written to /Users/umutkucukaslan/Desktop/pmsd/dataset/data/023_S_1247/2008-01-29_09_10_42/reg_023_S_1247__2008-01-29_09_10_42.nii
2019-12-31 17:13:17,905 - __main__ - INFO - Starting registration of (023_S_1247__2007-02-21_14_10_43.nii, 023_S_1247__2008-08-12_11_47_25.nii)
2019-12-31 17:26:02,003 - __main__ - INFO - Registration done and new image file is written to /Users/umutkucukaslan/Desktop/pmsd/dataset/data/023_S_1247/2008-08-12_11_47_25/reg_023_S_1247__2008-08-12_11_47_25.nii
2019-12-31 17:26:02,005 - __main__ - INFO - Starting registration of (023_S_1247__2007-02-21_14_10_43.nii, 023_S_1247__2009-03-12_10_37_55.nii)
2019-12-31 17:33:06,985 - __main__ - INFO - Registration done and new image file is written to /Users/umutkucukaslan/Desktop/pmsd/dataset/data/023_S_1247/2009-03-12_10_37_55/reg_023_S_1247__2009-03-12_10_37_55.nii
2019-12-31 17:33:06,985 - __main__ - INFO - Starting registrations for new patient (007_S_1222)
2019-12-31 17:33:06,986 - __main__ - INFO - Starting registration of (007_S_1222__2007-02-07_11_10_45.nii, 007_S_1222__2007-08-28_10_23_04.nii)
2019-12-31 17:45:02,437 - __main__ - INFO - Registration done and new image file is written to /Users/umutkucukaslan/Desktop/pmsd/dataset/data/007_S_1222/2007-08-28_10_23_04/reg_007_S_1222__2007-08-28_10_23_04.nii
2019-12-31 17:45:02,439 - __main__ - INFO - Starting registration of (007_S_1222__2007-02-07_11_10_45.nii, 007_S_1222__2008-02-22_08_51_18.nii)
2019-12-31 17:55:29,686 - __main__ - INFO - Registration done and new image file is written to /Users/umutkucukaslan/Desktop/pmsd/dataset/data/007_S_1222/2008-02-22_08_51_18/reg_007_S_1222__2008-02-22_08_51_18.nii
2019-12-31 17:55:29,688 - __main__ - INFO - Starting registration of (007_S_1222__2007-02-07_11_10_45.nii, 007_S_1222__2009-02-19_10_49_11.nii)
2019-12-31 18:03:01,634 - __main__ - INFO - Registration done and new image file is written to /Users/umutkucukaslan/Desktop/pmsd/dataset/data/007_S_1222/2009-02-19_10_49_11/reg_007_S_1222__2009-02-19_10_49_11.nii
2019-12-31 18:03:01,634 - __main__ - INFO - Starting registrations for new patient (002_S_1268)
2019-12-31 18:03:01,637 - __main__ - INFO - Starting registration of (002_S_1268__2007-03-07_07_58_51.nii, 002_S_1268__2007-09-21_16_06_28.nii)
2019-12-31 18:15:46,690 - __main__ - INFO - Registration done and new image file is written to /Users/umutkucukaslan/Desktop/pmsd/dataset/data/002_S_1268/2007-09-21_16_06_28/reg_002_S_1268__2007-09-21_16_06_28.nii
2019-12-31 18:15:46,691 - __main__ - INFO - Starting registration of (002_S_1268__2007-03-07_07_58_51.nii, 002_S_1268__2008-05-22_16_21_48.nii)
2019-12-31 18:24:09,008 - __main__ - INFO - Registration done and new image file is written to /Users/umutkucukaslan/Desktop/pmsd/dataset/data/002_S_1268/2008-05-22_16_21_48/reg_002_S_1268__2008-05-22_16_21_48.nii
2019-12-31 18:24:09,009 - __main__ - INFO - Starting registration of (002_S_1268__2007-03-07_07_58_51.nii, 002_S_1268__2008-09-10_06_54_13.nii)
2019-12-31 18:31:51,995 - __main__ - INFO - Registration done and new image file is written to /Users/umutkucukaslan/Desktop/pmsd/dataset/data/002_S_1268/2008-09-10_06_54_13/reg_002_S_1268__2008-09-10_06_54_13.nii
2019-12-31 18:31:51,996 - __main__ - INFO - Starting registration of (002_S_1268__2007-03-07_07_58_51.nii, 002_S_1268__2009-03-04_15_14_55.nii)
2019-12-31 18:37:57,886 - __main__ - INFO - Registration done and new image file is written to /Users/umutkucukaslan/Desktop/pmsd/dataset/data/002_S_1268/2009-03-04_15_14_55/reg_002_S_1268__2009-03-04_15_14_55.nii
2019-12-31 18:37:57,887 - __main__ - INFO - Starting registrations for new patient (002_S_1261)
2019-12-31 18:37:57,888 - __main__ - INFO - Starting registration of (002_S_1261__2007-02-27_13_28_07.nii, 002_S_1261__2007-08-30_13_24_01.nii)
2019-12-31 18:53:55,650 - __main__ - INFO - Registration done and new image file is written to /Users/umutkucukaslan/Desktop/pmsd/dataset/data/002_S_1261/2007-08-30_13_24_01/reg_002_S_1261__2007-08-30_13_24_01.nii
2019-12-31 18:53:55,651 - __main__ - INFO - Starting registration of (002_S_1261__2007-02-27_13_28_07.nii, 002_S_1261__2008-05-27_18_41_16.nii)
2019-12-31 19:11:48,572 - __main__ - INFO - Registration done and new image file is written to /Users/umutkucukaslan/Desktop/pmsd/dataset/data/002_S_1261/2008-05-27_18_41_16/reg_002_S_1261__2008-05-27_18_41_16.nii
2019-12-31 19:11:48,574 - __main__ - INFO - Starting registration of (002_S_1261__2007-02-27_13_28_07.nii, 002_S_1261__2009-02-05_12_33_22.nii)
2019-12-31 19:25:29,888 - __main__ - INFO - Registration done and new image file is written to /Users/umutkucukaslan/Desktop/pmsd/dataset/data/002_S_1261/2009-02-05_12_33_22/reg_002_S_1261__2009-02-05_12_33_22.nii
2019-12-31 19:25:29,889 - __main__ - INFO - Starting registrations for new patient (027_S_1387)
2019-12-31 19:25:29,891 - __main__ - INFO - Starting registration of (027_S_1387__2007-03-19_10_04_01.nii, 027_S_1387__2007-10-26_13_53_04.nii)
2019-12-31 19:37:25,555 - __main__ - INFO - Registration done and new image file is written to /Users/umutkucukaslan/Desktop/pmsd/dataset/data/027_S_1387/2007-10-26_13_53_04/reg_027_S_1387__2007-10-26_13_53_04.nii
2019-12-31 19:37:25,556 - __main__ - INFO - Starting registration of (027_S_1387__2007-03-19_10_04_01.nii, 027_S_1387__2008-03-13_13_37_38.nii)
2019-12-31 19:43:22,403 - __main__ - INFO - Registration done and new image file is written to /Users/umutkucukaslan/Desktop/pmsd/dataset/data/027_S_1387/2008-03-13_13_37_38/reg_027_S_1387__2008-03-13_13_37_38.nii
2019-12-31 19:43:22,404 - __main__ - INFO - Starting registration of (027_S_1387__2007-03-19_10_04_01.nii, 027_S_1387__2008-09-12_13_24_23.nii)
2019-12-31 19:50:48,871 - __main__ - INFO - Registration done and new image file is written to /Users/umutkucukaslan/Desktop/pmsd/dataset/data/027_S_1387/2008-09-12_13_24_23/reg_027_S_1387__2008-09-12_13_24_23.nii
2019-12-31 19:50:48,872 - __main__ - INFO - Starting registration of (027_S_1387__2007-03-19_10_04_01.nii, 027_S_1387__2009-03-11_13_30_04.nii)
2019-12-31 20:03:18,182 - __main__ - INFO - Registration done and new image file is written to /Users/umutkucukaslan/Desktop/pmsd/dataset/data/027_S_1387/2009-03-11_13_30_04/reg_027_S_1387__2009-03-11_13_30_04.nii
2019-12-31 20:03:18,183 - __main__ - INFO - Starting registrations for new patient (027_S_0403)
2019-12-31 20:03:18,185 - __main__ - INFO - Starting registration of (027_S_0403__2006-05-08_10_29_51.nii, 027_S_0403__2006-10-26_10_18_09.nii)
2019-12-31 20:09:05,384 - __main__ - INFO - Registration done and new image file is written to /Users/umutkucukaslan/Desktop/pmsd/dataset/data/027_S_0403/2006-10-26_10_18_09/reg_027_S_0403__2006-10-26_10_18_09.nii
2019-12-31 20:09:05,386 - __main__ - INFO - Starting registration of (027_S_0403__2006-05-08_10_29_51.nii, 027_S_0403__2007-05-14_14_09_53.nii)
2019-12-31 20:14:17,745 - __main__ - INFO - Registration done and new image file is written to /Users/umutkucukaslan/Desktop/pmsd/dataset/data/027_S_0403/2007-05-14_14_09_53/reg_027_S_0403__2007-05-14_14_09_53.nii
2019-12-31 20:14:17,746 - __main__ - INFO - Starting registration of (027_S_0403__2006-05-08_10_29_51.nii, 027_S_0403__2008-05-12_10_10_59.nii)
2019-12-31 20:20:01,713 - __main__ - INFO - Registration done and new image file is written to /Users/umutkucukaslan/Desktop/pmsd/dataset/data/027_S_0403/2008-05-12_10_10_59/reg_027_S_0403__2008-05-12_10_10_59.nii
2019-12-31 20:20:01,713 - __main__ - INFO - Starting registrations for new patient (012_S_1009)
2019-12-31 20:20:01,715 - __main__ - INFO - Starting registration of (012_S_1009__2006-11-03_13_49_34.nii, 012_S_1009__2007-05-30_14_24_22.nii)
2019-12-31 20:25:57,461 - __main__ - INFO - Registration done and new image file is written to /Users/umutkucukaslan/Desktop/pmsd/dataset/data/012_S_1009/2007-05-30_14_24_22/reg_012_S_1009__2007-05-30_14_24_22.nii
2019-12-31 20:25:57,463 - __main__ - INFO - Starting registration of (012_S_1009__2006-11-03_13_49_34.nii, 012_S_1009__2007-11-26_15_07_49.nii)
2019-12-31 20:39:23,396 - __main__ - INFO - Registration done and new image file is written to /Users/umutkucukaslan/Desktop/pmsd/dataset/data/012_S_1009/2007-11-26_15_07_49/reg_012_S_1009__2007-11-26_15_07_49.nii
2019-12-31 20:39:23,399 - __main__ - INFO - Starting registration of (012_S_1009__2006-11-03_13_49_34.nii, 012_S_1009__2008-12-09_15_26_39.nii)
2019-12-31 20:45:43,033 - __main__ - INFO - Registration done and new image file is written to /Users/umutkucukaslan/Desktop/pmsd/dataset/data/012_S_1009/2008-12-09_15_26_39/reg_012_S_1009__2008-12-09_15_26_39.nii
2019-12-31 20:45:43,033 - __main__ - INFO - Starting registrations for new patient (027_S_0404)
2019-12-31 20:45:43,035 - __main__ - INFO - Starting registration of (027_S_0404__2006-05-16_10_24_38.nii, 027_S_0404__2006-11-22_13_12_21.nii)
2019-12-31 20:52:59,856 - __main__ - INFO - Registration done and new image file is written to /Users/umutkucukaslan/Desktop/pmsd/dataset/data/027_S_0404/2006-11-22_13_12_21/reg_027_S_0404__2006-11-22_13_12_21.nii
2019-12-31 20:52:59,858 - __main__ - INFO - Starting registration of (027_S_0404__2006-05-16_10_24_38.nii, 027_S_0404__2007-05-16_10_07_28.nii)
2019-12-31 21:02:34,556 - __main__ - INFO - Registration done and new image file is written to /Users/umutkucukaslan/Desktop/pmsd/dataset/data/027_S_0404/2007-05-16_10_07_28/reg_027_S_0404__2007-05-16_10_07_28.nii
2019-12-31 21:02:34,558 - __main__ - INFO - Starting registration of (027_S_0404__2006-05-16_10_24_38.nii, 027_S_0404__2008-05-12_13_30_19.nii)
2019-12-31 21:12:53,290 - __main__ - INFO - Registration done and new image file is written to /Users/umutkucukaslan/Desktop/pmsd/dataset/data/027_S_0404/2008-05-12_13_30_19/reg_027_S_0404__2008-05-12_13_30_19.nii
2019-12-31 21:12:53,292 - __main__ - INFO - Starting registrations for new patient (130_S_0449)
2019-12-31 21:12:53,294 - __main__ - INFO - Starting registration of (130_S_0449__2006-08-16_10_41_17.nii, 130_S_0449__2007-02-26_08_51_48.nii)
2019-12-31 21:20:48,650 - __main__ - INFO - Registration done and new image file is written to /Users/umutkucukaslan/Desktop/pmsd/dataset/data/130_S_0449/2007-02-26_08_51_48/reg_130_S_0449__2007-02-26_08_51_48.nii
2019-12-31 21:20:48,652 - __main__ - INFO - Starting registration of (130_S_0449__2006-08-16_10_41_17.nii, 130_S_0449__2007-08-27_10_30_19.nii)
2019-12-31 21:31:00,823 - __main__ - INFO - Registration done and new image file is written to /Users/umutkucukaslan/Desktop/pmsd/dataset/data/130_S_0449/2007-08-27_10_30_19/reg_130_S_0449__2007-08-27_10_30_19.nii
2019-12-31 21:31:00,825 - __main__ - INFO - Starting registration of (130_S_0449__2006-08-16_10_41_17.nii, 130_S_0449__2008-01-28_09_10_23.nii)
2019-12-31 21:39:51,630 - __main__ - INFO - Registration done and new image file is written to /Users/umutkucukaslan/Desktop/pmsd/dataset/data/130_S_0449/2008-01-28_09_10_23/reg_130_S_0449__2008-01-28_09_10_23.nii
2019-12-31 21:39:51,635 - __main__ - INFO - Starting registration of (130_S_0449__2006-08-16_10_41_17.nii, 130_S_0449__2008-08-11_10_27_22.nii)
2019-12-31 21:53:10,640 - __main__ - INFO - Registration done and new image file is written to /Users/umutkucukaslan/Desktop/pmsd/dataset/data/130_S_0449/2008-08-11_10_27_22/reg_130_S_0449__2008-08-11_10_27_22.nii
2019-12-31 21:53:10,641 - __main__ - INFO - Starting registrations for new patient (018_S_0425)
2019-12-31 21:53:10,642 - __main__ - INFO - Starting registration of (018_S_0425__2006-06-19_16_00_21.nii, 018_S_0425__2006-12-12_12_03_08.nii)
2019-12-31 22:04:13,829 - __main__ - INFO - Registration done and new image file is written to /Users/umutkucukaslan/Desktop/pmsd/dataset/data/018_S_0425/2006-12-12_12_03_08/reg_018_S_0425__2006-12-12_12_03_08.nii
2019-12-31 22:04:13,831 - __main__ - INFO - Starting registration of (018_S_0425__2006-06-19_16_00_21.nii, 018_S_0425__2007-06-15_09_21_13.nii)
2019-12-31 22:16:20,892 - __main__ - INFO - Registration done and new image file is written to /Users/umutkucukaslan/Desktop/pmsd/dataset/data/018_S_0425/2007-06-15_09_21_13/reg_018_S_0425__2007-06-15_09_21_13.nii
2019-12-31 22:16:20,894 - __main__ - INFO - Starting registration of (018_S_0425__2006-06-19_16_00_21.nii, 018_S_0425__2008-06-06_10_20_46.nii)
2019-12-31 22:25:27,180 - __main__ - INFO - Registration done and new image file is written to /Users/umutkucukaslan/Desktop/pmsd/dataset/data/018_S_0425/2008-06-06_10_20_46/reg_018_S_0425__2008-06-06_10_20_46.nii
2019-12-31 22:25:27,182 - __main__ - INFO - Starting registrations for new patient (023_S_0625)
2019-12-31 22:25:27,184 - __main__ - INFO - Starting registration of (023_S_0625__2006-07-12_14_23_13.nii, 023_S_0625__2007-02-27_13_25_05.nii)
2019-12-31 22:38:55,698 - __main__ - INFO - Registration done and new image file is written to /Users/umutkucukaslan/Desktop/pmsd/dataset/data/023_S_0625/2007-02-27_13_25_05/reg_023_S_0625__2007-02-27_13_25_05.nii
2019-12-31 22:38:55,699 - __main__ - INFO - Starting registration of (023_S_0625__2006-07-12_14_23_13.nii, 023_S_0625__2007-07-16_12_27_22.nii)
2019-12-31 22:48:25,894 - __main__ - INFO - Registration done and new image file is written to /Users/umutkucukaslan/Desktop/pmsd/dataset/data/023_S_0625/2007-07-16_12_27_22/reg_023_S_0625__2007-07-16_12_27_22.nii
2019-12-31 22:48:25,896 - __main__ - INFO - Starting registration of (023_S_0625__2006-07-12_14_23_13.nii, 023_S_0625__2008-01-11_13_44_15.nii)
2019-12-31 22:59:02,564 - __main__ - INFO - Registration done and new image file is written to /Users/umutkucukaslan/Desktop/pmsd/dataset/data/023_S_0625/2008-01-11_13_44_15/reg_023_S_0625__2008-01-11_13_44_15.nii
2019-12-31 22:59:02,566 - __main__ - INFO - Starting registration of (023_S_0625__2006-07-12_14_23_13.nii, 023_S_0625__2008-08-01_12_57_55.nii)
2019-12-31 23:06:10,649 - __main__ - INFO - Registration done and new image file is written to /Users/umutkucukaslan/Desktop/pmsd/dataset/data/023_S_0625/2008-08-01_12_57_55/reg_023_S_0625__2008-08-01_12_57_55.nii
2019-12-31 23:06:10,655 - __main__ - INFO - Starting registrations for new patient (130_S_0886)
2019-12-31 23:06:10,656 - __main__ - INFO - Starting registration of (130_S_0886__2006-10-16_08_49_47.nii, 130_S_0886__2007-04-11_10_34_57.nii)
2019-12-31 23:17:08,903 - __main__ - INFO - Registration done and new image file is written to /Users/umutkucukaslan/Desktop/pmsd/dataset/data/130_S_0886/2007-04-11_10_34_57/reg_130_S_0886__2007-04-11_10_34_57.nii
2019-12-31 23:17:08,909 - __main__ - INFO - Starting registration of (130_S_0886__2006-10-16_08_49_47.nii, 130_S_0886__2007-10-10_10_25_49.nii)
2019-12-31 23:38:45,805 - __main__ - INFO - Registration done and new image file is written to /Users/umutkucukaslan/Desktop/pmsd/dataset/data/130_S_0886/2007-10-10_10_25_49/reg_130_S_0886__2007-10-10_10_25_49.nii
2019-12-31 23:38:45,808 - __main__ - INFO - Starting registration of (130_S_0886__2006-10-16_08_49_47.nii, 130_S_0886__2008-10-06_08_56_16.nii)
2019-12-31 23:46:20,647 - __main__ - INFO - Registration done and new image file is written to /Users/umutkucukaslan/Desktop/pmsd/dataset/data/130_S_0886/2008-10-06_08_56_16/reg_130_S_0886__2008-10-06_08_56_16.nii
2019-12-31 23:46:20,650 - __main__ - INFO - Starting registrations for new patient (023_S_1190)
2019-12-31 23:46:20,651 - __main__ - INFO - Starting registration of (023_S_1190__2007-01-17_09_13_56.nii, 023_S_1190__2007-07-17_13_13_33.nii)
2020-01-01 00:03:18,565 - __main__ - INFO - Registration done and new image file is written to /Users/umutkucukaslan/Desktop/pmsd/dataset/data/023_S_1190/2007-07-17_13_13_33/reg_023_S_1190__2007-07-17_13_13_33.nii
2020-01-01 00:03:18,567 - __main__ - INFO - Starting registration of (023_S_1190__2007-01-17_09_13_56.nii, 023_S_1190__2008-01-08_10_13_42.nii)
2020-01-01 00:17:38,039 - __main__ - INFO - Registration done and new image file is written to /Users/umutkucukaslan/Desktop/pmsd/dataset/data/023_S_1190/2008-01-08_10_13_42/reg_023_S_1190__2008-01-08_10_13_42.nii
2020-01-01 00:17:38,041 - __main__ - INFO - Starting registration of (023_S_1190__2007-01-17_09_13_56.nii, 023_S_1190__2009-01-15_08_51_56.nii)
2020-01-01 00:27:29,202 - __main__ - INFO - Registration done and new image file is written to /Users/umutkucukaslan/Desktop/pmsd/dataset/data/023_S_1190/2009-01-15_08_51_56/reg_023_S_1190__2009-01-15_08_51_56.nii
2020-01-01 00:27:29,204 - __main__ - INFO - Starting registrations for new patient (005_S_0553)
2020-01-01 00:27:29,205 - __main__ - INFO - Starting registration of (005_S_0553__2006-06-28_12_11_17.nii, 005_S_0553__2007-01-04_10_16_08.nii)
2020-01-01 00:33:04,810 - __main__ - INFO - Registration done and new image file is written to /Users/umutkucukaslan/Desktop/pmsd/dataset/data/005_S_0553/2007-01-04_10_16_08/reg_005_S_0553__2007-01-04_10_16_08.nii
2020-01-01 00:33:04,813 - __main__ - INFO - Starting registration of (005_S_0553__2006-06-28_12_11_17.nii, 005_S_0553__2007-06-14_11_39_03.nii)
2020-01-01 00:38:37,228 - __main__ - INFO - Registration done and new image file is written to /Users/umutkucukaslan/Desktop/pmsd/dataset/data/005_S_0553/2007-06-14_11_39_03/reg_005_S_0553__2007-06-14_11_39_03.nii
2020-01-01 00:38:37,230 - __main__ - INFO - Starting registration of (005_S_0553__2006-06-28_12_11_17.nii, 005_S_0553__2008-07-08_13_01_32.nii)
2020-01-01 00:50:21,329 - __main__ - INFO - Registration done and new image file is written to /Users/umutkucukaslan/Desktop/pmsd/dataset/data/005_S_0553/2008-07-08_13_01_32/reg_005_S_0553__2008-07-08_13_01_32.nii
2020-01-01 00:50:21,332 - __main__ - INFO - Starting registrations for new patient (037_S_0303)
2020-01-01 00:50:21,334 - __main__ - INFO - Starting registration of (037_S_0303__2006-05-03_11_41_39.nii, 037_S_0303__2006-10-20_11_35_02.nii)
2020-01-01 01:07:28,092 - __main__ - INFO - Registration done and new image file is written to /Users/umutkucukaslan/Desktop/pmsd/dataset/data/037_S_0303/2006-10-20_11_35_02/reg_037_S_0303__2006-10-20_11_35_02.nii
2020-01-01 01:07:28,093 - __main__ - INFO - Starting registration of (037_S_0303__2006-05-03_11_41_39.nii, 037_S_0303__2007-04-25_09_43_45.nii)
2020-01-01 01:14:37,369 - __main__ - INFO - Registration done and new image file is written to /Users/umutkucukaslan/Desktop/pmsd/dataset/data/037_S_0303/2007-04-25_09_43_45/reg_037_S_0303__2007-04-25_09_43_45.nii
2020-01-01 01:14:37,370 - __main__ - INFO - Starting registration of (037_S_0303__2006-05-03_11_41_39.nii, 037_S_0303__2008-05-06_10_35_27.nii)
2020-01-01 01:21:24,302 - __main__ - INFO - Registration done and new image file is written to /Users/umutkucukaslan/Desktop/pmsd/dataset/data/037_S_0303/2008-05-06_10_35_27/reg_037_S_0303__2008-05-06_10_35_27.nii
2020-01-01 01:21:24,303 - __main__ - INFO - Starting registrations for new patient (031_S_0830)
2020-01-01 01:21:24,304 - __main__ - INFO - Starting registration of (031_S_0830__2006-09-21_12_40_35.nii, 031_S_0830__2007-09-17_12_58_18.nii)
2020-01-01 01:35:00,724 - __main__ - INFO - Registration done and new image file is written to /Users/umutkucukaslan/Desktop/pmsd/dataset/data/031_S_0830/2007-09-17_12_58_18/reg_031_S_0830__2007-09-17_12_58_18.nii
2020-01-01 01:35:00,725 - __main__ - INFO - Starting registration of (031_S_0830__2006-09-21_12_40_35.nii, 031_S_0830__2008-03-24_13_37_49.nii)
2020-01-01 01:46:46,919 - __main__ - INFO - Registration done and new image file is written to /Users/umutkucukaslan/Desktop/pmsd/dataset/data/031_S_0830/2008-03-24_13_37_49/reg_031_S_0830__2008-03-24_13_37_49.nii
2020-01-01 01:46:46,920 - __main__ - INFO - Starting registration of (031_S_0830__2006-09-21_12_40_35.nii, 031_S_0830__2008-09-25_15_04_31.nii)
2020-01-01 02:02:09,589 - __main__ - INFO - Registration done and new image file is written to /Users/umutkucukaslan/Desktop/pmsd/dataset/data/031_S_0830/2008-09-25_15_04_31/reg_031_S_0830__2008-09-25_15_04_31.nii
2020-01-01 02:02:09,590 - __main__ - INFO - Starting registrations for new patient (018_S_0633)
2020-01-01 02:02:09,592 - __main__ - INFO - Starting registration of (018_S_0633__2006-07-17_11_06_31.nii, 018_S_0633__2007-01-19_16_15_27.nii)
2020-01-01 02:10:17,637 - __main__ - INFO - Registration done and new image file is written to /Users/umutkucukaslan/Desktop/pmsd/dataset/data/018_S_0633/2007-01-19_16_15_27/reg_018_S_0633__2007-01-19_16_15_27.nii
2020-01-01 02:10:17,640 - __main__ - INFO - Starting registration of (018_S_0633__2006-07-17_11_06_31.nii, 018_S_0633__2007-07-17_13_33_03.nii)
2020-01-01 02:20:03,188 - __main__ - INFO - Registration done and new image file is written to /Users/umutkucukaslan/Desktop/pmsd/dataset/data/018_S_0633/2007-07-17_13_33_03/reg_018_S_0633__2007-07-17_13_33_03.nii
2020-01-01 02:20:03,190 - __main__ - INFO - Starting registration of (018_S_0633__2006-07-17_11_06_31.nii, 018_S_0633__2008-07-28_10_16_23.nii)
2020-01-01 02:37:46,803 - __main__ - INFO - Registration done and new image file is written to /Users/umutkucukaslan/Desktop/pmsd/dataset/data/018_S_0633/2008-07-28_10_16_23/reg_018_S_0633__2008-07-28_10_16_23.nii
2020-01-01 02:37:46,805 - __main__ - INFO - Starting registrations for new patient (136_S_1227)
2020-01-01 02:37:46,807 - __main__ - INFO - Starting registration of (136_S_1227__2007-02-21_13_12_42.nii, 136_S_1227__2007-09-11_09_01_24.nii)
2020-01-01 02:50:17,695 - __main__ - INFO - Registration done and new image file is written to /Users/umutkucukaslan/Desktop/pmsd/dataset/data/136_S_1227/2007-09-11_09_01_24/reg_136_S_1227__2007-09-11_09_01_24.nii
2020-01-01 02:50:17,699 - __main__ - INFO - Starting registration of (136_S_1227__2007-02-21_13_12_42.nii, 136_S_1227__2008-03-06_13_28_48.nii)
2020-01-01 02:59:20,869 - __main__ - INFO - Registration done and new image file is written to /Users/umutkucukaslan/Desktop/pmsd/dataset/data/136_S_1227/2008-03-06_13_28_48/reg_136_S_1227__2008-03-06_13_28_48.nii
2020-01-01 02:59:20,874 - __main__ - INFO - Starting registration of (136_S_1227__2007-02-21_13_12_42.nii, 136_S_1227__2008-09-29_13_20_37.nii)
2020-01-01 03:07:20,030 - __main__ - INFO - Registration done and new image file is written to /Users/umutkucukaslan/Desktop/pmsd/dataset/data/136_S_1227/2008-09-29_13_20_37/reg_136_S_1227__2008-09-29_13_20_37.nii
2020-01-01 03:07:20,032 - __main__ - INFO - Starting registration of (136_S_1227__2007-02-21_13_12_42.nii, 136_S_1227__2009-03-23_11_59_29.nii)
2020-01-01 03:13:42,634 - __main__ - INFO - Registration done and new image file is written to /Users/umutkucukaslan/Desktop/pmsd/dataset/data/136_S_1227/2009-03-23_11_59_29/reg_136_S_1227__2009-03-23_11_59_29.nii
2020-01-01 03:13:42,635 - __main__ - INFO - Starting registrations for new patient (002_S_0413)
2020-01-01 03:13:42,636 - __main__ - INFO - Starting registration of (002_S_0413__2006-05-19_16_17_47.nii, 002_S_0413__2006-11-15_14_34_44.nii)
2020-01-01 03:31:47,589 - __main__ - INFO - Registration done and new image file is written to /Users/umutkucukaslan/Desktop/pmsd/dataset/data/002_S_0413/2006-11-15_14_34_44/reg_002_S_0413__2006-11-15_14_34_44.nii
2020-01-01 03:31:47,592 - __main__ - INFO - Starting registration of (002_S_0413__2006-05-19_16_17_47.nii, 002_S_0413__2007-06-01_07_57_43.nii)
2020-01-01 03:53:31,913 - __main__ - INFO - Registration done and new image file is written to /Users/umutkucukaslan/Desktop/pmsd/dataset/data/002_S_0413/2007-06-01_07_57_43/reg_002_S_0413__2007-06-01_07_57_43.nii
2020-01-01 03:53:31,915 - __main__ - INFO - Starting registration of (002_S_0413__2006-05-19_16_17_47.nii, 002_S_0413__2008-07-31_09_17_17.nii)
2020-01-01 04:01:47,604 - __main__ - INFO - Registration done and new image file is written to /Users/umutkucukaslan/Desktop/pmsd/dataset/data/002_S_0413/2008-07-31_09_17_17/reg_002_S_0413__2008-07-31_09_17_17.nii
2020-01-01 04:01:47,609 - __main__ - INFO - Starting registrations for new patient (116_S_0382)
2020-01-01 04:01:47,611 - __main__ - INFO - Starting registration of (116_S_0382__2006-06-13_10_21_56.nii, 116_S_0382__2006-11-30_10_40_25.nii)
2020-01-01 04:08:14,301 - __main__ - INFO - Registration done and new image file is written to /Users/umutkucukaslan/Desktop/pmsd/dataset/data/116_S_0382/2006-11-30_10_40_25/reg_116_S_0382__2006-11-30_10_40_25.nii
2020-01-01 04:08:14,303 - __main__ - INFO - Starting registration of (116_S_0382__2006-06-13_10_21_56.nii, 116_S_0382__2007-06-13_11_24_40.nii)
2020-01-01 04:16:12,076 - __main__ - INFO - Registration done and new image file is written to /Users/umutkucukaslan/Desktop/pmsd/dataset/data/116_S_0382/2007-06-13_11_24_40/reg_116_S_0382__2007-06-13_11_24_40.nii
2020-01-01 04:16:12,079 - __main__ - INFO - Starting registration of (116_S_0382__2006-06-13_10_21_56.nii, 116_S_0382__2008-05-28_11_50_22.nii)
2020-01-01 04:26:01,656 - __main__ - INFO - Registration done and new image file is written to /Users/umutkucukaslan/Desktop/pmsd/dataset/data/116_S_0382/2008-05-28_11_50_22/reg_116_S_0382__2008-05-28_11_50_22.nii
2020-01-01 04:26:01,657 - __main__ - INFO - Starting registrations for new patient (023_S_0058)
2020-01-01 04:26:01,659 - __main__ - INFO - Starting registration of (023_S_0058__2005-12-12_12_29_36.nii, 023_S_0058__2006-06-13_11_13_49.nii)
2020-01-01 04:35:30,692 - __main__ - INFO - Registration done and new image file is written to /Users/umutkucukaslan/Desktop/pmsd/dataset/data/023_S_0058/2006-06-13_11_13_49/reg_023_S_0058__2006-06-13_11_13_49.nii
2020-01-01 04:35:30,694 - __main__ - INFO - Starting registration of (023_S_0058__2005-12-12_12_29_36.nii, 023_S_0058__2006-12-19_11_25_13.nii)
2020-01-01 04:57:17,695 - __main__ - INFO - Registration done and new image file is written to /Users/umutkucukaslan/Desktop/pmsd/dataset/data/023_S_0058/2006-12-19_11_25_13/reg_023_S_0058__2006-12-19_11_25_13.nii
2020-01-01 04:57:17,697 - __main__ - INFO - Starting registration of (023_S_0058__2005-12-12_12_29_36.nii, 023_S_0058__2007-12-06_12_36_06.nii)
2020-01-01 05:10:24,477 - __main__ - INFO - Registration done and new image file is written to /Users/umutkucukaslan/Desktop/pmsd/dataset/data/023_S_0058/2007-12-06_12_36_06/reg_023_S_0058__2007-12-06_12_36_06.nii
2020-01-01 05:10:24,478 - __main__ - INFO - Starting registrations for new patient (037_S_0501)
2020-01-01 05:10:24,479 - __main__ - INFO - Starting registration of (037_S_0501__2006-06-23_11_03_42.nii, 037_S_0501__2007-01-05_13_05_25.nii)
2020-01-01 05:19:24,773 - __main__ - INFO - Registration done and new image file is written to /Users/umutkucukaslan/Desktop/pmsd/dataset/data/037_S_0501/2007-01-05_13_05_25/reg_037_S_0501__2007-01-05_13_05_25.nii
2020-01-01 05:19:24,775 - __main__ - INFO - Starting registration of (037_S_0501__2006-06-23_11_03_42.nii, 037_S_0501__2007-07-11_11_34_02.nii)
2020-01-01 05:25:41,936 - __main__ - INFO - Registration done and new image file is written to /Users/umutkucukaslan/Desktop/pmsd/dataset/data/037_S_0501/2007-07-11_11_34_02/reg_037_S_0501__2007-07-11_11_34_02.nii
2020-01-01 05:25:41,939 - __main__ - INFO - Starting registration of (037_S_0501__2006-06-23_11_03_42.nii, 037_S_0501__2007-12-12_11_49_31.nii)
2020-01-01 05:33:41,141 - __main__ - INFO - Registration done and new image file is written to /Users/umutkucukaslan/Desktop/pmsd/dataset/data/037_S_0501/2007-12-12_11_49_31/reg_037_S_0501__2007-12-12_11_49_31.nii
2020-01-01 05:33:41,143 - __main__ - INFO - Starting registration of (037_S_0501__2006-06-23_11_03_42.nii, 037_S_0501__2008-06-25_13_36_09.nii)
2020-01-01 05:39:46,375 - __main__ - INFO - Registration done and new image file is written to /Users/umutkucukaslan/Desktop/pmsd/dataset/data/037_S_0501/2008-06-25_13_36_09/reg_037_S_0501__2008-06-25_13_36_09.nii
2020-01-01 05:39:46,376 - __main__ - INFO - Starting registrations for new patient (116_S_1232)
2020-01-01 05:39:46,376 - __main__ - INFO - Starting registration of (116_S_1232__2007-02-23_11_32_38.nii, 116_S_1232__2007-08-01_13_33_12.nii)
2020-01-01 05:46:49,910 - __main__ - INFO - Registration done and new image file is written to /Users/umutkucukaslan/Desktop/pmsd/dataset/data/116_S_1232/2007-08-01_13_33_12/reg_116_S_1232__2007-08-01_13_33_12.nii
2020-01-01 05:46:49,911 - __main__ - INFO - Starting registration of (116_S_1232__2007-02-23_11_32_38.nii, 116_S_1232__2008-01-30_12_15_13.nii)
2020-01-01 05:54:20,523 - __main__ - INFO - Registration done and new image file is written to /Users/umutkucukaslan/Desktop/pmsd/dataset/data/116_S_1232/2008-01-30_12_15_13/reg_116_S_1232__2008-01-30_12_15_13.nii
2020-01-01 05:54:20,525 - __main__ - INFO - Starting registration of (116_S_1232__2007-02-23_11_32_38.nii, 116_S_1232__2009-02-05_13_46_24.nii)
2020-01-01 06:08:54,925 - __main__ - INFO - Registration done and new image file is written to /Users/umutkucukaslan/Desktop/pmsd/dataset/data/116_S_1232/2009-02-05_13_46_24/reg_116_S_1232__2009-02-05_13_46_24.nii
2020-01-01 06:08:54,927 - __main__ - INFO - Starting registrations for new patient (100_S_1286)
2020-01-01 06:08:54,928 - __main__ - INFO - Starting registration of (100_S_1286__2007-03-07_12_43_38.nii, 100_S_1286__2007-08-30_10_43_17.nii)
2020-01-01 06:17:02,780 - __main__ - INFO - Registration done and new image file is written to /Users/umutkucukaslan/Desktop/pmsd/dataset/data/100_S_1286/2007-08-30_10_43_17/reg_100_S_1286__2007-08-30_10_43_17.nii
2020-01-01 06:17:02,781 - __main__ - INFO - Starting registration of (100_S_1286__2007-03-07_12_43_38.nii, 100_S_1286__2008-02-11_13_39_59.nii)
2020-01-01 06:26:27,293 - __main__ - INFO - Registration done and new image file is written to /Users/umutkucukaslan/Desktop/pmsd/dataset/data/100_S_1286/2008-02-11_13_39_59/reg_100_S_1286__2008-02-11_13_39_59.nii
2020-01-01 06:26:27,295 - __main__ - INFO - Starting registration of (100_S_1286__2007-03-07_12_43_38.nii, 100_S_1286__2009-03-17_12_31_45.nii)
2020-01-01 06:36:57,035 - __main__ - INFO - Registration done and new image file is written to /Users/umutkucukaslan/Desktop/pmsd/dataset/data/100_S_1286/2009-03-17_12_31_45/reg_100_S_1286__2009-03-17_12_31_45.nii
2020-01-01 06:36:57,036 - __main__ - INFO - Starting registrations for new patient (136_S_0300)
2020-01-01 06:36:57,038 - __main__ - INFO - Starting registration of (136_S_0300__2006-06-07_09_09_23.nii, 136_S_0300__2006-11-13_11_06_22.nii)
2020-01-01 06:46:37,537 - __main__ - INFO - Registration done and new image file is written to /Users/umutkucukaslan/Desktop/pmsd/dataset/data/136_S_0300/2006-11-13_11_06_22/reg_136_S_0300__2006-11-13_11_06_22.nii
2020-01-01 06:46:37,539 - __main__ - INFO - Starting registration of (136_S_0300__2006-06-07_09_09_23.nii, 136_S_0300__2007-05-29_12_24_45.nii)
2020-01-01 06:55:16,428 - __main__ - INFO - Registration done and new image file is written to /Users/umutkucukaslan/Desktop/pmsd/dataset/data/136_S_0300/2007-05-29_12_24_45/reg_136_S_0300__2007-05-29_12_24_45.nii
2020-01-01 06:55:16,430 - __main__ - INFO - Starting registration of (136_S_0300__2006-06-07_09_09_23.nii, 136_S_0300__2008-05-19_11_32_35.nii)
2020-01-01 07:03:59,313 - __main__ - INFO - Registration done and new image file is written to /Users/umutkucukaslan/Desktop/pmsd/dataset/data/136_S_0300/2008-05-19_11_32_35/reg_136_S_0300__2008-05-19_11_32_35.nii
2020-01-01 07:03:59,314 - __main__ - INFO - Starting registrations for new patient (023_S_0061)
2020-01-01 07:03:59,316 - __main__ - INFO - Starting registration of (023_S_0061__2005-12-20_15_54_41.nii, 023_S_0061__2006-06-15_13_13_25.nii)
2020-01-01 07:10:49,082 - __main__ - INFO - Registration done and new image file is written to /Users/umutkucukaslan/Desktop/pmsd/dataset/data/023_S_0061/2006-06-15_13_13_25/reg_023_S_0061__2006-06-15_13_13_25.nii
2020-01-01 07:10:49,086 - __main__ - INFO - Starting registration of (023_S_0061__2005-12-20_15_54_41.nii, 023_S_0061__2006-12-06_10_28_05.nii)
2020-01-01 07:19:27,618 - __main__ - INFO - Registration done and new image file is written to /Users/umutkucukaslan/Desktop/pmsd/dataset/data/023_S_0061/2006-12-06_10_28_05/reg_023_S_0061__2006-12-06_10_28_05.nii
2020-01-01 07:19:27,619 - __main__ - INFO - Starting registration of (023_S_0061__2005-12-20_15_54_41.nii, 023_S_0061__2007-12-13_13_06_37.nii)
2020-01-01 07:32:02,626 - __main__ - INFO - Registration done and new image file is written to /Users/umutkucukaslan/Desktop/pmsd/dataset/data/023_S_0061/2007-12-13_13_06_37/reg_023_S_0061__2007-12-13_13_06_37.nii
2020-01-01 07:32:02,630 - __main__ - INFO - Starting registrations for new patient (136_S_0195)
2020-01-01 07:32:02,632 - __main__ - INFO - Starting registration of (136_S_0195__2006-04-04_10_54_57.nii, 136_S_0195__2006-10-02_12_44_11.nii)
2020-01-01 07:44:45,083 - __main__ - INFO - Registration done and new image file is written to /Users/umutkucukaslan/Desktop/pmsd/dataset/data/136_S_0195/2006-10-02_12_44_11/reg_136_S_0195__2006-10-02_12_44_11.nii
2020-01-01 07:44:45,086 - __main__ - INFO - Starting registration of (136_S_0195__2006-04-04_10_54_57.nii, 136_S_0195__2007-03-26_12_42_01.nii)
2020-01-01 08:00:05,551 - __main__ - INFO - Registration done and new image file is written to /Users/umutkucukaslan/Desktop/pmsd/dataset/data/136_S_0195/2007-03-26_12_42_01/reg_136_S_0195__2007-03-26_12_42_01.nii
2020-01-01 08:00:05,553 - __main__ - INFO - Starting registration of (136_S_0195__2006-04-04_10_54_57.nii, 136_S_0195__2007-09-24_13_53_34.nii)
2020-01-01 08:09:57,285 - __main__ - INFO - Registration done and new image file is written to /Users/umutkucukaslan/Desktop/pmsd/dataset/data/136_S_0195/2007-09-24_13_53_34/reg_136_S_0195__2007-09-24_13_53_34.nii
2020-01-01 08:09:57,287 - __main__ - INFO - Starting registration of (136_S_0195__2006-04-04_10_54_57.nii, 136_S_0195__2008-03-25_10_06_35.nii)
2020-01-01 08:21:33,891 - __main__ - INFO - Registration done and new image file is written to /Users/umutkucukaslan/Desktop/pmsd/dataset/data/136_S_0195/2008-03-25_10_06_35/reg_136_S_0195__2008-03-25_10_06_35.nii
2020-01-01 08:21:33,893 - __main__ - INFO - Starting registrations for new patient (127_S_0622)
2020-01-01 08:21:33,894 - __main__ - INFO - Starting registration of (127_S_0622__2006-06-29_13_01_25.nii, 127_S_0622__2006-12-13_12_07_11.nii)
2020-01-01 08:35:19,076 - __main__ - INFO - Registration done and new image file is written to /Users/umutkucukaslan/Desktop/pmsd/dataset/data/127_S_0622/2006-12-13_12_07_11/reg_127_S_0622__2006-12-13_12_07_11.nii
2020-01-01 08:35:19,081 - __main__ - INFO - Starting registration of (127_S_0622__2006-06-29_13_01_25.nii, 127_S_0622__2007-06-27_13_12_00.nii)
2020-01-01 08:49:32,305 - __main__ - INFO - Registration done and new image file is written to /Users/umutkucukaslan/Desktop/pmsd/dataset/data/127_S_0622/2007-06-27_13_12_00/reg_127_S_0622__2007-06-27_13_12_00.nii
2020-01-01 08:49:32,307 - __main__ - INFO - Starting registration of (127_S_0622__2006-06-29_13_01_25.nii, 127_S_0622__2008-06-25_13_20_13.nii)
2020-01-01 08:56:39,592 - __main__ - INFO - Registration done and new image file is written to /Users/umutkucukaslan/Desktop/pmsd/dataset/data/127_S_0622/2008-06-25_13_20_13/reg_127_S_0622__2008-06-25_13_20_13.nii
2020-01-01 08:56:39,593 - __main__ - INFO - Starting registrations for new patient (031_S_1209)
2020-01-01 08:56:39,594 - __main__ - INFO - Starting registration of (031_S_1209__2007-01-31_14_55_45.nii, 031_S_1209__2007-07-26_13_34_41.nii)
2020-01-01 09:05:06,953 - __main__ - INFO - Registration done and new image file is written to /Users/umutkucukaslan/Desktop/pmsd/dataset/data/031_S_1209/2007-07-26_13_34_41/reg_031_S_1209__2007-07-26_13_34_41.nii
2020-01-01 09:05:06,957 - __main__ - INFO - Starting registration of (031_S_1209__2007-01-31_14_55_45.nii, 031_S_1209__2008-02-08_13_06_55.nii)
2020-01-01 09:18:11,230 - __main__ - INFO - Registration done and new image file is written to /Users/umutkucukaslan/Desktop/pmsd/dataset/data/031_S_1209/2008-02-08_13_06_55/reg_031_S_1209__2008-02-08_13_06_55.nii
2020-01-01 09:18:11,234 - __main__ - INFO - Starting registration of (031_S_1209__2007-01-31_14_55_45.nii, 031_S_1209__2009-02-10_10_19_15.nii)
2020-01-01 09:24:30,692 - __main__ - INFO - Registration done and new image file is written to /Users/umutkucukaslan/Desktop/pmsd/dataset/data/031_S_1209/2009-02-10_10_19_15/reg_031_S_1209__2009-02-10_10_19_15.nii
2020-01-01 09:24:30,692 - __main__ - INFO - Starting registrations for new patient (023_S_0926)
2020-01-01 09:24:30,694 - __main__ - INFO - Starting registration of (023_S_0926__2006-10-16_12_51_09.nii, 023_S_0926__2007-04-03_14_47_08.nii)
2020-01-01 09:36:01,243 - __main__ - INFO - Registration done and new image file is written to /Users/umutkucukaslan/Desktop/pmsd/dataset/data/023_S_0926/2007-04-03_14_47_08/reg_023_S_0926__2007-04-03_14_47_08.nii
2020-01-01 09:36:01,244 - __main__ - INFO - Starting registration of (023_S_0926__2006-10-16_12_51_09.nii, 023_S_0926__2007-10-23_10_09_03.nii)
2020-01-01 09:47:00,088 - __main__ - INFO - Registration done and new image file is written to /Users/umutkucukaslan/Desktop/pmsd/dataset/data/023_S_0926/2007-10-23_10_09_03/reg_023_S_0926__2007-10-23_10_09_03.nii
2020-01-01 09:47:00,090 - __main__ - INFO - Starting registration of (023_S_0926__2006-10-16_12_51_09.nii, 023_S_0926__2008-10-21_12_56_33.nii)
2020-01-01 09:56:11,441 - __main__ - INFO - Registration done and new image file is written to /Users/umutkucukaslan/Desktop/pmsd/dataset/data/023_S_0926/2008-10-21_12_56_33/reg_023_S_0926__2008-10-21_12_56_33.nii
2020-01-01 09:56:11,443 - __main__ - INFO - Starting registrations for new patient (023_S_1262)
2020-01-01 09:56:11,444 - __main__ - INFO - Starting registration of (023_S_1262__2007-02-28_09_22_42.nii, 023_S_1262__2007-09-04_12_25_59.nii)
2020-01-01 10:02:41,223 - __main__ - INFO - Registration done and new image file is written to /Users/umutkucukaslan/Desktop/pmsd/dataset/data/023_S_1262/2007-09-04_12_25_59/reg_023_S_1262__2007-09-04_12_25_59.nii
2020-01-01 10:02:41,225 - __main__ - INFO - Starting registration of (023_S_1262__2007-02-28_09_22_42.nii, 023_S_1262__2008-04-02_09_57_36.nii)
2020-01-01 10:24:34,178 - __main__ - INFO - Registration done and new image file is written to /Users/umutkucukaslan/Desktop/pmsd/dataset/data/023_S_1262/2008-04-02_09_57_36/reg_023_S_1262__2008-04-02_09_57_36.nii
2020-01-01 10:24:34,180 - __main__ - INFO - Starting registration of (023_S_1262__2007-02-28_09_22_42.nii, 023_S_1262__2009-03-13_09_40_10.nii)
2020-01-01 10:30:57,179 - __main__ - INFO - Registration done and new image file is written to /Users/umutkucukaslan/Desktop/pmsd/dataset/data/023_S_1262/2009-03-13_09_40_10/reg_023_S_1262__2009-03-13_09_40_10.nii
2020-01-01 10:30:57,179 - __main__ - INFO - Starting registrations for new patient (012_S_0689)
2020-01-01 10:30:57,180 - __main__ - INFO - Starting registration of (012_S_0689__2006-07-19_15_39_21.nii, 012_S_0689__2007-01-10_14_30_29.nii)
2020-01-01 10:42:49,222 - __main__ - INFO - Registration done and new image file is written to /Users/umutkucukaslan/Desktop/pmsd/dataset/data/012_S_0689/2007-01-10_14_30_29/reg_012_S_0689__2007-01-10_14_30_29.nii
2020-01-01 10:42:49,223 - __main__ - INFO - Starting registration of (012_S_0689__2006-07-19_15_39_21.nii, 012_S_0689__2007-07-19_15_30_56.nii)
2020-01-01 10:52:41,247 - __main__ - INFO - Registration done and new image file is written to /Users/umutkucukaslan/Desktop/pmsd/dataset/data/012_S_0689/2007-07-19_15_30_56/reg_012_S_0689__2007-07-19_15_30_56.nii
2020-01-01 10:52:41,248 - __main__ - INFO - Starting registration of (012_S_0689__2006-07-19_15_39_21.nii, 012_S_0689__2008-07-23_14_23_11.nii)
2020-01-01 11:05:21,698 - __main__ - INFO - Registration done and new image file is written to /Users/umutkucukaslan/Desktop/pmsd/dataset/data/012_S_0689/2008-07-23_14_23_11/reg_012_S_0689__2008-07-23_14_23_11.nii
2020-01-01 11:05:21,700 - __main__ - INFO - Starting registrations for new patient (023_S_0388)
2020-01-01 11:05:21,701 - __main__ - INFO - Starting registration of (023_S_0388__2006-05-04_15_27_08.nii, 023_S_0388__2006-11-06_12_52_30.nii)
2020-01-01 22:34:59,064 - __main__ - INFO - merhaba
2020-01-01 22:34:59,068 - __main__ - INFO - Starting registrations for new patient (002_S_0413)
2020-01-01 22:34:59,071 - __main__ - WARNING - There are more than one image file, possible registered version is also in the folder. Continuing...
2020-01-01 22:34:59,071 - __main__ - WARNING - There are more than one image file, possible registered version is also in the folder. Continuing...
2020-01-01 22:34:59,071 - __main__ - WARNING - There are more than one image file, possible registered version is also in the folder. Continuing...
2020-01-01 22:34:59,071 - __main__ - INFO - Starting registrations for new patient (002_S_0559)
2020-01-01 22:34:59,072 - __main__ - INFO - Starting registration of (002_S_0559__2006-06-27_18_28_33.nii, 002_S_0559__2006-12-12_09_48_06.nii)
2020-01-01 22:45:48,447 - __main__ - INFO - Registration done and new image file is written to /Users/umutkucukaslan/Desktop/pmsd/dataset/data/002_S_0559/2006-12-12_09_48_06/reg_002_S_0559__2006-12-12_09_48_06.nii
2020-01-01 22:45:48,450 - __main__ - INFO - Starting registration of (002_S_0559__2006-06-27_18_28_33.nii, 002_S_0559__2007-10-18_17_06_13.nii)
2020-01-01 22:54:12,198 - __main__ - INFO - Registration done and new image file is written to /Users/umutkucukaslan/Desktop/pmsd/dataset/data/002_S_0559/2007-10-18_17_06_13/reg_002_S_0559__2007-10-18_17_06_13.nii
2020-01-01 22:54:12,199 - __main__ - INFO - Starting registration of (002_S_0559__2006-06-27_18_28_33.nii, 002_S_0559__2008-08-15_17_03_28.nii)
2020-01-01 23:08:23,004 - __main__ - INFO - Registration done and new image file is written to /Users/umutkucukaslan/Desktop/pmsd/dataset/data/002_S_0559/2008-08-15_17_03_28/reg_002_S_0559__2008-08-15_17_03_28.nii
2020-01-01 23:08:23,005 - __main__ - INFO - Starting registrations for new patient (002_S_1018)
2020-01-01 23:08:23,009 - __main__ - INFO - Starting registration of (002_S_1018__2006-12-18_14_57_09.nii, 002_S_1018__2007-06-14_15_14_47.nii)
2020-01-01 23:17:09,828 - __main__ - INFO - Registration done and new image file is written to /Users/umutkucukaslan/Desktop/pmsd/dataset/data/002_S_1018/2007-06-14_15_14_47/reg_002_S_1018__2007-06-14_15_14_47.nii
2020-01-01 23:17:09,830 - __main__ - INFO - Starting registration of (002_S_1018__2006-12-18_14_57_09.nii, 002_S_1018__2007-12-07_18_28_23.nii)
2020-01-01 23:28:06,927 - __main__ - INFO - Registration done and new image file is written to /Users/umutkucukaslan/Desktop/pmsd/dataset/data/002_S_1018/2007-12-07_18_28_23/reg_002_S_1018__2007-12-07_18_28_23.nii
2020-01-01 23:28:06,929 - __main__ - INFO - Starting registration of (002_S_1018__2006-12-18_14_57_09.nii, 002_S_1018__2008-12-12_09_06_11.nii)
2020-01-01 23:38:10,293 - __main__ - INFO - Registration done and new image file is written to /Users/umutkucukaslan/Desktop/pmsd/dataset/data/002_S_1018/2008-12-12_09_06_11/reg_002_S_1018__2008-12-12_09_06_11.nii
2020-01-01 23:38:10,295 - __main__ - INFO - Starting registrations for new patient (002_S_1070)
2020-01-01 23:38:10,297 - __main__ - INFO - Starting registration of (002_S_1070__2006-12-18_09_11_48.nii, 002_S_1070__2007-06-07_13_31_48.nii)
2020-01-01 23:56:29,027 - __main__ - INFO - Registration done and new image file is written to /Users/umutkucukaslan/Desktop/pmsd/dataset/data/002_S_1070/2007-06-07_13_31_48/reg_002_S_1070__2007-06-07_13_31_48.nii
2020-01-01 23:56:29,029 - __main__ - INFO - Starting registration of (002_S_1070__2006-12-18_09_11_48.nii, 002_S_1070__2007-12-10_17_52_02.nii)
2020-01-02 00:05:33,086 - __main__ - INFO - Registration done and new image file is written to /Users/umutkucukaslan/Desktop/pmsd/dataset/data/002_S_1070/2007-12-10_17_52_02/reg_002_S_1070__2007-12-10_17_52_02.nii
2020-01-02 00:05:33,089 - __main__ - INFO - Starting registration of (002_S_1070__2006-12-18_09_11_48.nii, 002_S_1070__2008-08-13_16_45_04.nii)
2020-01-02 00:17:57,843 - __main__ - INFO - Registration done and new image file is written to /Users/umutkucukaslan/Desktop/pmsd/dataset/data/002_S_1070/2008-08-13_16_45_04/reg_002_S_1070__2008-08-13_16_45_04.nii
2020-01-02 00:17:57,845 - __main__ - INFO - Starting registration of (002_S_1070__2006-12-18_09_11_48.nii, 002_S_1070__2008-12-11_13_04_47.nii)
2020-01-02 00:27:45,955 - __main__ - INFO - Registration done and new image file is written to /Users/umutkucukaslan/Desktop/pmsd/dataset/data/002_S_1070/2008-12-11_13_04_47/reg_002_S_1070__2008-12-11_13_04_47.nii
2020-01-02 00:27:45,960 - __main__ - INFO - Starting registrations for new patient (002_S_1261)
2020-01-02 00:27:45,966 - __main__ - WARNING - There are more than one image file, possible registered version is also in the folder. Continuing...
2020-01-02 00:27:45,967 - __main__ - WARNING - There are more than one image file, possible registered version is also in the folder. Continuing...
2020-01-02 00:27:45,967 - __main__ - WARNING - There are more than one image file, possible registered version is also in the folder. Continuing...
2020-01-02 00:27:45,967 - __main__ - INFO - Starting registrations for new patient (002_S_1268)
2020-01-02 00:27:45,969 - __main__ - WARNING - There are more than one image file, possible registered version is also in the folder. Continuing...
2020-01-02 00:27:45,969 - __main__ - WARNING - There are more than one image file, possible registered version is also in the folder. Continuing...
2020-01-02 00:27:45,970 - __main__ - WARNING - There are more than one image file, possible registered version is also in the folder. Continuing...
2020-01-02 00:27:45,970 - __main__ - WARNING - There are more than one image file, possible registered version is also in the folder. Continuing...
2020-01-02 00:27:45,970 - __main__ - INFO - Starting registrations for new patient (002_S_1280)
2020-01-02 00:27:45,971 - __main__ - INFO - Starting registration of (002_S_1280__2007-02-27_09_41_57.nii, 002_S_1280__2007-10-10_07_02_23.nii)
2020-01-02 00:41:37,171 - __main__ - INFO - Registration done and new image file is written to /Users/umutkucukaslan/Desktop/pmsd/dataset/data/002_S_1280/2007-10-10_07_02_23/reg_002_S_1280__2007-10-10_07_02_23.nii
2020-01-02 00:41:37,173 - __main__ - INFO - Starting registration of (002_S_1280__2007-02-27_09_41_57.nii, 002_S_1280__2008-03-25_12_00_36.nii)
2020-01-02 00:52:53,281 - __main__ - INFO - Registration done and new image file is written to /Users/umutkucukaslan/Desktop/pmsd/dataset/data/002_S_1280/2008-03-25_12_00_36/reg_002_S_1280__2008-03-25_12_00_36.nii
2020-01-02 00:52:53,283 - __main__ - INFO - Starting registration of (002_S_1280__2007-02-27_09_41_57.nii, 002_S_1280__2009-02-19_11_28_04.nii)
2020-01-02 01:01:05,145 - __main__ - INFO - Registration done and new image file is written to /Users/umutkucukaslan/Desktop/pmsd/dataset/data/002_S_1280/2009-02-19_11_28_04/reg_002_S_1280__2009-02-19_11_28_04.nii
2020-01-02 01:01:05,152 - __main__ - INFO - Starting registrations for new patient (005_S_0324)
2020-01-02 01:01:05,157 - __main__ - INFO - Starting registration of (005_S_0324__2006-04-21_10_20_45.nii, 005_S_0324__2006-10-31_12_42_49.nii)
2020-01-02 01:10:29,368 - __main__ - INFO - Registration done and new image file is written to /Users/umutkucukaslan/Desktop/pmsd/dataset/data/005_S_0324/2006-10-31_12_42_49/reg_005_S_0324__2006-10-31_12_42_49.nii
2020-01-02 01:10:29,369 - __main__ - INFO - Starting registration of (005_S_0324__2006-04-21_10_20_45.nii, 005_S_0324__2007-05-09_10_27_32.nii)
2020-01-02 01:23:18,859 - __main__ - INFO - Registration done and new image file is written to /Users/umutkucukaslan/Desktop/pmsd/dataset/data/005_S_0324/2007-05-09_10_27_32/reg_005_S_0324__2007-05-09_10_27_32.nii
2020-01-02 01:23:18,864 - __main__ - INFO - Starting registration of (005_S_0324__2006-04-21_10_20_45.nii, 005_S_0324__2007-10-17_11_09_14.nii)
2020-01-02 01:32:17,040 - __main__ - INFO - Registration done and new image file is written to /Users/umutkucukaslan/Desktop/pmsd/dataset/data/005_S_0324/2007-10-17_11_09_14/reg_005_S_0324__2007-10-17_11_09_14.nii
2020-01-02 01:32:17,042 - __main__ - INFO - Starting registration of (005_S_0324__2006-04-21_10_20_45.nii, 005_S_0324__2008-05-05_11_49_36.nii)
2020-01-02 01:46:24,360 - __main__ - INFO - Registration done and new image file is written to /Users/umutkucukaslan/Desktop/pmsd/dataset/data/005_S_0324/2008-05-05_11_49_36/reg_005_S_0324__2008-05-05_11_49_36.nii
2020-01-02 01:46:24,363 - __main__ - INFO - Starting registrations for new patient (005_S_0448)
2020-01-02 01:46:24,364 - __main__ - INFO - Starting registration of (005_S_0448__2006-05-22_15_18_16.nii, 005_S_0448__2006-12-08_08_43_53.nii)
2020-01-02 02:00:37,572 - __main__ - INFO - Registration done and new image file is written to /Users/umutkucukaslan/Desktop/pmsd/dataset/data/005_S_0448/2006-12-08_08_43_53/reg_005_S_0448__2006-12-08_08_43_53.nii
2020-01-02 02:00:37,576 - __main__ - INFO - Starting registration of (005_S_0448__2006-05-22_15_18_16.nii, 005_S_0448__2007-05-30_10_38_21.nii)
2020-01-02 02:14:19,853 - __main__ - INFO - Registration done and new image file is written to /Users/umutkucukaslan/Desktop/pmsd/dataset/data/005_S_0448/2007-05-30_10_38_21/reg_005_S_0448__2007-05-30_10_38_21.nii
2020-01-02 02:14:19,857 - __main__ - INFO - Starting registration of (005_S_0448__2006-05-22_15_18_16.nii, 005_S_0448__2007-11-27_12_10_04.nii)
2020-01-02 02:27:03,363 - __main__ - INFO - Registration done and new image file is written to /Users/umutkucukaslan/Desktop/pmsd/dataset/data/005_S_0448/2007-11-27_12_10_04/reg_005_S_0448__2007-11-27_12_10_04.nii
2020-01-02 02:27:03,365 - __main__ - INFO - Starting registration of (005_S_0448__2006-05-22_15_18_16.nii, 005_S_0448__2008-06-03_13_42_08.nii)
2020-01-02 02:35:58,865 - __main__ - INFO - Registration done and new image file is written to /Users/umutkucukaslan/Desktop/pmsd/dataset/data/005_S_0448/2008-06-03_13_42_08/reg_005_S_0448__2008-06-03_13_42_08.nii
2020-01-02 02:35:58,866 - __main__ - INFO - Starting registrations for new patient (005_S_0553)
2020-01-02 02:35:58,868 - __main__ - WARNING - There are more than one image file, possible registered version is also in the folder. Continuing...
2020-01-02 02:35:58,868 - __main__ - WARNING - There are more than one image file, possible registered version is also in the folder. Continuing...
2020-01-02 02:35:58,868 - __main__ - WARNING - There are more than one image file, possible registered version is also in the folder. Continuing...
2020-01-02 02:35:58,869 - __main__ - INFO - Starting registrations for new patient (005_S_0572)
2020-01-02 02:35:58,870 - __main__ - INFO - Starting registration of (005_S_0572__2006-07-31_14_47_09.nii, 005_S_0572__2006-12-27_14_37_18.nii)
2020-01-02 02:56:55,232 - __main__ - INFO - Registration done and new image file is written to /Users/umutkucukaslan/Desktop/pmsd/dataset/data/005_S_0572/2006-12-27_14_37_18/reg_005_S_0572__2006-12-27_14_37_18.nii
2020-01-02 02:56:55,234 - __main__ - INFO - Starting registration of (005_S_0572__2006-07-31_14_47_09.nii, 005_S_0572__2007-07-09_09_17_05.nii)
2020-01-02 03:14:41,427 - __main__ - INFO - Registration done and new image file is written to /Users/umutkucukaslan/Desktop/pmsd/dataset/data/005_S_0572/2007-07-09_09_17_05/reg_005_S_0572__2007-07-09_09_17_05.nii
2020-01-02 03:14:41,429 - __main__ - INFO - Starting registration of (005_S_0572__2006-07-31_14_47_09.nii, 005_S_0572__2008-02-04_10_00_29.nii)
2020-01-02 03:22:09,180 - __main__ - INFO - Registration done and new image file is written to /Users/umutkucukaslan/Desktop/pmsd/dataset/data/005_S_0572/2008-02-04_10_00_29/reg_005_S_0572__2008-02-04_10_00_29.nii
2020-01-02 03:22:09,184 - __main__ - INFO - Starting registration of (005_S_0572__2006-07-31_14_47_09.nii, 005_S_0572__2008-08-05_08_38_27.nii)
2020-01-02 03:33:23,070 - __main__ - INFO - Registration done and new image file is written to /Users/umutkucukaslan/Desktop/pmsd/dataset/data/005_S_0572/2008-08-05_08_38_27/reg_005_S_0572__2008-08-05_08_38_27.nii
2020-01-02 03:33:23,072 - __main__ - INFO - Starting registrations for new patient (005_S_0814)
2020-01-02 03:33:23,074 - __main__ - WARNING - There are more than one image file, possible registered version is also in the folder. Continuing...
2020-01-02 03:33:23,075 - __main__ - WARNING - There are more than one image file, possible registered version is also in the folder. Continuing...
2020-01-02 03:33:23,075 - __main__ - WARNING - There are more than one image file, possible registered version is also in the folder. Continuing...
2020-01-02 03:33:23,075 - __main__ - INFO - Starting registrations for new patient (007_S_1206)
2020-01-02 03:33:23,077 - __main__ - INFO - Starting registration of (007_S_1206__2007-01-30_15_20_54.nii, 007_S_1206__2007-08-21_08_21_17.nii)
2020-01-02 03:39:20,593 - __main__ - INFO - Registration done and new image file is written to /Users/umutkucukaslan/Desktop/pmsd/dataset/data/007_S_1206/2007-08-21_08_21_17/reg_007_S_1206__2007-08-21_08_21_17.nii
2020-01-02 03:39:20,595 - __main__ - INFO - Starting registration of (007_S_1206__2007-01-30_15_20_54.nii, 007_S_1206__2008-02-22_11_39_38.nii)
2020-01-02 03:47:26,614 - __main__ - INFO - Registration done and new image file is written to /Users/umutkucukaslan/Desktop/pmsd/dataset/data/007_S_1206/2008-02-22_11_39_38/reg_007_S_1206__2008-02-22_11_39_38.nii
2020-01-02 03:47:26,616 - __main__ - INFO - Starting registration of (007_S_1206__2007-01-30_15_20_54.nii, 007_S_1206__2009-02-12_12_03_36.nii)
2020-01-02 03:59:30,969 - __main__ - INFO - Registration done and new image file is written to /Users/umutkucukaslan/Desktop/pmsd/dataset/data/007_S_1206/2009-02-12_12_03_36/reg_007_S_1206__2009-02-12_12_03_36.nii
2020-01-02 03:59:30,971 - __main__ - INFO - Starting registrations for new patient (007_S_1222)
2020-01-02 03:59:30,973 - __main__ - WARNING - There are more than one image file, possible registered version is also in the folder. Continuing...
2020-01-02 03:59:30,974 - __main__ - WARNING - There are more than one image file, possible registered version is also in the folder. Continuing...
2020-01-02 03:59:30,974 - __main__ - WARNING - There are more than one image file, possible registered version is also in the folder. Continuing...
2020-01-02 03:59:30,974 - __main__ - INFO - Starting registrations for new patient (012_S_0689)
2020-01-02 03:59:30,976 - __main__ - WARNING - There are more than one image file, possible registered version is also in the folder. Continuing...
2020-01-02 03:59:30,976 - __main__ - WARNING - There are more than one image file, possible registered version is also in the folder. Continuing...
2020-01-02 03:59:30,976 - __main__ - WARNING - There are more than one image file, possible registered version is also in the folder. Continuing...
2020-01-02 03:59:30,977 - __main__ - INFO - Starting registrations for new patient (012_S_1009)
2020-01-02 03:59:30,979 - __main__ - WARNING - There are more than one image file, possible registered version is also in the folder. Continuing...
2020-01-02 03:59:30,979 - __main__ - WARNING - There are more than one image file, possible registered version is also in the folder. Continuing...
2020-01-02 03:59:30,980 - __main__ - WARNING - There are more than one image file, possible registered version is also in the folder. Continuing...
2020-01-02 03:59:30,980 - __main__ - INFO - Starting registrations for new patient (016_S_1117)
2020-01-02 03:59:30,981 - __main__ - INFO - Starting registration of (016_S_1117__2007-01-08_15_16_16.nii, 016_S_1117__2007-08-02_11_26_13.nii)
2020-01-02 04:06:51,676 - __main__ - INFO - Registration done and new image file is written to /Users/umutkucukaslan/Desktop/pmsd/dataset/data/016_S_1117/2007-08-02_11_26_13/reg_016_S_1117__2007-08-02_11_26_13.nii
2020-01-02 04:06:51,678 - __main__ - INFO - Starting registration of (016_S_1117__2007-01-08_15_16_16.nii, 016_S_1117__2007-12-21_15_55_32.nii)
2020-01-02 04:18:40,196 - __main__ - INFO - Registration done and new image file is written to /Users/umutkucukaslan/Desktop/pmsd/dataset/data/016_S_1117/2007-12-21_15_55_32/reg_016_S_1117__2007-12-21_15_55_32.nii
2020-01-02 04:18:40,197 - __main__ - INFO - Starting registration of (016_S_1117__2007-01-08_15_16_16.nii, 016_S_1117__2008-10-27_10_14_22.nii)
2020-01-02 04:27:58,471 - __main__ - INFO - Registration done and new image file is written to /Users/umutkucukaslan/Desktop/pmsd/dataset/data/016_S_1117/2008-10-27_10_14_22/reg_016_S_1117__2008-10-27_10_14_22.nii
2020-01-02 04:27:58,478 - __main__ - INFO - Starting registration of (016_S_1117__2007-01-08_15_16_16.nii, 016_S_1117__2009-02-25_11_10_56.nii)
2020-01-02 04:35:11,151 - __main__ - INFO - Registration done and new image file is written to /Users/umutkucukaslan/Desktop/pmsd/dataset/data/016_S_1117/2009-02-25_11_10_56/reg_016_S_1117__2009-02-25_11_10_56.nii
2020-01-02 04:35:11,153 - __main__ - INFO - Starting registrations for new patient (016_S_1121)
2020-01-02 04:35:11,154 - __main__ - INFO - Starting registration of (016_S_1121__2007-01-11_14_42_07.nii, 016_S_1121__2007-07-02_12_02_07.nii)
2020-01-02 04:42:03,014 - __main__ - INFO - Registration done and new image file is written to /Users/umutkucukaslan/Desktop/pmsd/dataset/data/016_S_1121/2007-07-02_12_02_07/reg_016_S_1121__2007-07-02_12_02_07.nii
2020-01-02 04:42:03,016 - __main__ - INFO - Starting registration of (016_S_1121__2007-01-11_14_42_07.nii, 016_S_1121__2007-12-21_10_35_59.nii)
2020-01-02 04:50:07,805 - __main__ - INFO - Registration done and new image file is written to /Users/umutkucukaslan/Desktop/pmsd/dataset/data/016_S_1121/2007-12-21_10_35_59/reg_016_S_1121__2007-12-21_10_35_59.nii
2020-01-02 04:50:07,808 - __main__ - INFO - Starting registration of (016_S_1121__2007-01-11_14_42_07.nii, 016_S_1121__2008-07-21_09_23_12.nii)
2020-01-02 04:56:15,081 - __main__ - INFO - Registration done and new image file is written to /Users/umutkucukaslan/Desktop/pmsd/dataset/data/016_S_1121/2008-07-21_09_23_12/reg_016_S_1121__2008-07-21_09_23_12.nii
2020-01-02 04:56:15,084 - __main__ - INFO - Starting registration of (016_S_1121__2007-01-11_14_42_07.nii, 016_S_1121__2008-12-23_17_07_59.nii)
2020-01-02 05:03:54,867 - __main__ - INFO - Registration done and new image file is written to /Users/umutkucukaslan/Desktop/pmsd/dataset/data/016_S_1121/2008-12-23_17_07_59/reg_016_S_1121__2008-12-23_17_07_59.nii
2020-01-02 05:03:54,868 - __main__ - INFO - Starting registrations for new patient (016_S_1326)
2020-01-02 05:03:54,871 - __main__ - INFO - Starting registration of (016_S_1326__2007-04-02_11_56_41.nii, 016_S_1326__2007-09-28_10_31_00.nii)
2020-01-02 05:09:42,381 - __main__ - INFO - Registration done and new image file is written to /Users/umutkucukaslan/Desktop/pmsd/dataset/data/016_S_1326/2007-09-28_10_31_00/reg_016_S_1326__2007-09-28_10_31_00.nii
2020-01-02 05:09:42,383 - __main__ - INFO - Starting registration of (016_S_1326__2007-04-02_11_56_41.nii, 016_S_1326__2008-03-31_15_29_49.nii)
2020-01-02 05:24:06,604 - __main__ - INFO - Registration done and new image file is written to /Users/umutkucukaslan/Desktop/pmsd/dataset/data/016_S_1326/2008-03-31_15_29_49/reg_016_S_1326__2008-03-31_15_29_49.nii
2020-01-02 05:24:06,605 - __main__ - INFO - Starting registration of (016_S_1326__2007-04-02_11_56_41.nii, 016_S_1326__2008-10-14_15_04_19.nii)
2020-01-02 05:31:31,713 - __main__ - INFO - Registration done and new image file is written to /Users/umutkucukaslan/Desktop/pmsd/dataset/data/016_S_1326/2008-10-14_15_04_19/reg_016_S_1326__2008-10-14_15_04_19.nii
2020-01-02 05:31:31,724 - __main__ - INFO - Starting registration of (016_S_1326__2007-04-02_11_56_41.nii, 016_S_1326__2009-04-13_14_40_01.nii)
2020-01-02 05:39:00,878 - __main__ - INFO - Registration done and new image file is written to /Users/umutkucukaslan/Desktop/pmsd/dataset/data/016_S_1326/2009-04-13_14_40_01/reg_016_S_1326__2009-04-13_14_40_01.nii
2020-01-02 05:39:00,879 - __main__ - INFO - Starting registrations for new patient (018_S_0335)
2020-01-02 05:39:00,881 - __main__ - INFO - Starting registration of (018_S_0335__2006-05-31_16_04_30.nii, 018_S_0335__2006-11-28_15_27_37.nii)
2020-01-02 05:54:00,825 - __main__ - INFO - Registration done and new image file is written to /Users/umutkucukaslan/Desktop/pmsd/dataset/data/018_S_0335/2006-11-28_15_27_37/reg_018_S_0335__2006-11-28_15_27_37.nii
2020-01-02 05:54:00,827 - __main__ - INFO - Starting registration of (018_S_0335__2006-05-31_16_04_30.nii, 018_S_0335__2007-05-22_09_08_59.nii)
2020-01-02 06:00:06,502 - __main__ - INFO - Registration done and new image file is written to /Users/umutkucukaslan/Desktop/pmsd/dataset/data/018_S_0335/2007-05-22_09_08_59/reg_018_S_0335__2007-05-22_09_08_59.nii
2020-01-02 06:00:06,503 - __main__ - INFO - Starting registration of (018_S_0335__2006-05-31_16_04_30.nii, 018_S_0335__2008-06-24_09_20_48.nii)
2020-01-02 06:14:03,633 - __main__ - INFO - Registration done and new image file is written to /Users/umutkucukaslan/Desktop/pmsd/dataset/data/018_S_0335/2008-06-24_09_20_48/reg_018_S_0335__2008-06-24_09_20_48.nii
2020-01-02 06:14:03,639 - __main__ - INFO - Starting registrations for new patient (018_S_0369)
2020-01-02 06:14:03,643 - __main__ - INFO - Starting registration of (018_S_0369__2006-05-11_16_19_12.nii, 018_S_0369__2006-10-31_13_29_25.nii)
2020-01-02 13:30:40,506 - __main__ - INFO - merhaba
2020-01-02 13:30:40,508 - __main__ - INFO - Starting registrations for new patient (002_S_0413)
2020-01-02 13:30:40,510 - __main__ - WARNING - There are more than one image file, possible registered version is also in the folder. Continuing...
2020-01-02 13:30:40,510 - __main__ - WARNING - There are more than one image file, possible registered version is also in the folder. Continuing...
2020-01-02 13:30:40,510 - __main__ - WARNING - There are more than one image file, possible registered version is also in the folder. Continuing...
2020-01-02 13:30:40,510 - __main__ - INFO - Starting registrations for new patient (002_S_0559)
2020-01-02 13:30:40,511 - __main__ - WARNING - There are more than one image file, possible registered version is also in the folder. Continuing...
2020-01-02 13:30:40,512 - __main__ - WARNING - There are more than one image file, possible registered version is also in the folder. Continuing...
2020-01-02 13:30:40,512 - __main__ - WARNING - There are more than one image file, possible registered version is also in the folder. Continuing...
2020-01-02 13:30:40,512 - __main__ - INFO - Starting registrations for new patient (002_S_1018)
2020-01-02 13:30:40,514 - __main__ - WARNING - There are more than one image file, possible registered version is also in the folder. Continuing...
2020-01-02 13:30:40,514 - __main__ - WARNING - There are more than one image file, possible registered version is also in the folder. Continuing...
2020-01-02 13:30:40,514 - __main__ - WARNING - There are more than one image file, possible registered version is also in the folder. Continuing...
2020-01-02 13:30:40,514 - __main__ - INFO - Starting registrations for new patient (002_S_1070)
2020-01-02 13:30:40,516 - __main__ - WARNING - There are more than one image file, possible registered version is also in the folder. Continuing...
2020-01-02 13:30:40,516 - __main__ - WARNING - There are more than one image file, possible registered version is also in the folder. Continuing...
2020-01-02 13:30:40,516 - __main__ - WARNING - There are more than one image file, possible registered version is also in the folder. Continuing...
2020-01-02 13:30:40,516 - __main__ - WARNING - There are more than one image file, possible registered version is also in the folder. Continuing...
2020-01-02 13:30:40,517 - __main__ - INFO - Starting registrations for new patient (002_S_1261)
2020-01-02 13:30:40,518 - __main__ - WARNING - There are more than one image file, possible registered version is also in the folder. Continuing...
2020-01-02 13:30:40,518 - __main__ - WARNING - There are more than one image file, possible registered version is also in the folder. Continuing...
2020-01-02 13:30:40,518 - __main__ - WARNING - There are more than one image file, possible registered version is also in the folder. Continuing...
2020-01-02 13:30:40,518 - __main__ - INFO - Starting registrations for new patient (002_S_1268)
2020-01-02 13:30:40,519 - __main__ - WARNING - There are more than one image file, possible registered version is also in the folder. Continuing...
2020-01-02 13:30:40,520 - __main__ - WARNING - There are more than one image file, possible registered version is also in the folder. Continuing...
2020-01-02 13:30:40,520 - __main__ - WARNING - There are more than one image file, possible registered version is also in the folder. Continuing...
2020-01-02 13:30:40,520 - __main__ - WARNING - There are more than one image file, possible registered version is also in the folder. Continuing...
2020-01-02 13:30:40,520 - __main__ - INFO - Starting registrations for new patient (002_S_1280)
2020-01-02 13:30:40,521 - __main__ - WARNING - There are more than one image file, possible registered version is also in the folder. Continuing...
2020-01-02 13:30:40,521 - __main__ - WARNING - There are more than one image file, possible registered version is also in the folder. Continuing...
2020-01-02 13:30:40,521 - __main__ - WARNING - There are more than one image file, possible registered version is also in the folder. Continuing...
2020-01-02 13:30:40,521 - __main__ - INFO - Starting registrations for new patient (005_S_0324)
2020-01-02 13:30:40,523 - __main__ - WARNING - There are more than one image file, possible registered version is also in the folder. Continuing...
2020-01-02 13:30:40,523 - __main__ - WARNING - There are more than one image file, possible registered version is also in the folder. Continuing...
2020-01-02 13:30:40,524 - __main__ - WARNING - There are more than one image file, possible registered version is also in the folder. Continuing...
2020-01-02 13:30:40,524 - __main__ - WARNING - There are more than one image file, possible registered version is also in the folder. Continuing...
2020-01-02 13:30:40,524 - __main__ - INFO - Starting registrations for new patient (005_S_0448)
2020-01-02 13:30:40,525 - __main__ - WARNING - There are more than one image file, possible registered version is also in the folder. Continuing...
2020-01-02 13:30:40,525 - __main__ - WARNING - There are more than one image file, possible registered version is also in the folder. Continuing...
2020-01-02 13:30:40,526 - __main__ - WARNING - There are more than one image file, possible registered version is also in the folder. Continuing...
2020-01-02 13:30:40,526 - __main__ - WARNING - There are more than one image file, possible registered version is also in the folder. Continuing...
2020-01-02 13:30:40,526 - __main__ - INFO - Starting registrations for new patient (005_S_0553)
2020-01-02 13:30:40,528 - __main__ - WARNING - There are more than one image file, possible registered version is also in the folder. Continuing...
2020-01-02 13:30:40,528 - __main__ - WARNING - There are more than one image file, possible registered version is also in the folder. Continuing...
2020-01-02 13:30:40,528 - __main__ - WARNING - There are more than one image file, possible registered version is also in the folder. Continuing...
2020-01-02 13:30:40,528 - __main__ - INFO - Starting registrations for new patient (005_S_0572)
2020-01-02 13:30:40,529 - __main__ - WARNING - There are more than one image file, possible registered version is also in the folder. Continuing...
2020-01-02 13:30:40,529 - __main__ - WARNING - There are more than one image file, possible registered version is also in the folder. Continuing...
2020-01-02 13:30:40,530 - __main__ - WARNING - There are more than one image file, possible registered version is also in the folder. Continuing...
2020-01-02 13:30:40,530 - __main__ - WARNING - There are more than one image file, possible registered version is also in the folder. Continuing...
2020-01-02 13:30:40,530 - __main__ - INFO - Starting registrations for new patient (005_S_0814)
2020-01-02 13:30:40,531 - __main__ - WARNING - There are more than one image file, possible registered version is also in the folder. Continuing...
2020-01-02 13:30:40,531 - __main__ - WARNING - There are more than one image file, possible registered version is also in the folder. Continuing...
2020-01-02 13:30:40,531 - __main__ - WARNING - There are more than one image file, possible registered version is also in the folder. Continuing...
2020-01-02 13:30:40,532 - __main__ - INFO - Starting registrations for new patient (007_S_1206)
2020-01-02 13:30:40,533 - __main__ - WARNING - There are more than one image file, possible registered version is also in the folder. Continuing...
2020-01-02 13:30:40,533 - __main__ - WARNING - There are more than one image file, possible registered version is also in the folder. Continuing...
2020-01-02 13:30:40,533 - __main__ - WARNING - There are more than one image file, possible registered version is also in the folder. Continuing...
2020-01-02 13:30:40,533 - __main__ - INFO - Starting registrations for new patient (007_S_1222)
2020-01-02 13:30:40,534 - __main__ - WARNING - There are more than one image file, possible registered version is also in the folder. Continuing...
2020-01-02 13:30:40,535 - __main__ - WARNING - There are more than one image file, possible registered version is also in the folder. Continuing...
2020-01-02 13:30:40,535 - __main__ - WARNING - There are more than one image file, possible registered version is also in the folder. Continuing...
2020-01-02 13:30:40,535 - __main__ - INFO - Starting registrations for new patient (012_S_0689)
2020-01-02 13:30:40,536 - __main__ - WARNING - There are more than one image file, possible registered version is also in the folder. Continuing...
2020-01-02 13:30:40,536 - __main__ - WARNING - There are more than one image file, possible registered version is also in the folder. Continuing...
2020-01-02 13:30:40,537 - __main__ - WARNING - There are more than one image file, possible registered version is also in the folder. Continuing...
2020-01-02 13:30:40,537 - __main__ - INFO - Starting registrations for new patient (012_S_1009)
2020-01-02 13:30:40,539 - __main__ - WARNING - There are more than one image file, possible registered version is also in the folder. Continuing...
2020-01-02 13:30:40,539 - __main__ - WARNING - There are more than one image file, possible registered version is also in the folder. Continuing...
2020-01-02 13:30:40,539 - __main__ - WARNING - There are more than one image file, possible registered version is also in the folder. Continuing...
2020-01-02 13:30:40,539 - __main__ - INFO - Starting registrations for new patient (016_S_1117)
2020-01-02 13:30:40,540 - __main__ - WARNING - There are more than one image file, possible registered version is also in the folder. Continuing...
2020-01-02 13:30:40,540 - __main__ - WARNING - There are more than one image file, possible registered version is also in the folder. Continuing...
2020-01-02 13:30:40,540 - __main__ - WARNING - There are more than one image file, possible registered version is also in the folder. Continuing...
2020-01-02 13:30:40,541 - __main__ - WARNING - There are more than one image file, possible registered version is also in the folder. Continuing...
2020-01-02 13:30:40,541 - __main__ - INFO - Starting registrations for new patient (016_S_1121)
2020-01-02 13:30:40,541 - __main__ - WARNING - There are more than one image file, possible registered version is also in the folder. Continuing...
2020-01-02 13:30:40,541 - __main__ - WARNING - There are more than one image file, possible registered version is also in the folder. Continuing...
2020-01-02 13:30:40,542 - __main__ - WARNING - There are more than one image file, possible registered version is also in the folder. Continuing...
2020-01-02 13:30:40,542 - __main__ - WARNING - There are more than one image file, possible registered version is also in the folder. Continuing...
2020-01-02 13:30:40,542 - __main__ - INFO - Starting registrations for new patient (016_S_1326)
2020-01-02 13:30:40,543 - __main__ - WARNING - There are more than one image file, possible registered version is also in the folder. Continuing...
2020-01-02 13:30:40,543 - __main__ - WARNING - There are more than one image file, possible registered version is also in the folder. Continuing...
2020-01-02 13:30:40,543 - __main__ - WARNING - There are more than one image file, possible registered version is also in the folder. Continuing...
2020-01-02 13:30:40,543 - __main__ - WARNING - There are more than one image file, possible registered version is also in the folder. Continuing...
2020-01-02 13:30:40,543 - __main__ - INFO - Starting registrations for new patient (018_S_0335)
2020-01-02 13:30:40,544 - __main__ - WARNING - There are more than one image file, possible registered version is also in the folder. Continuing...
2020-01-02 13:30:40,545 - __main__ - WARNING - There are more than one image file, possible registered version is also in the folder. Continuing...
2020-01-02 13:30:40,545 - __main__ - WARNING - There are more than one image file, possible registered version is also in the folder. Continuing...
2020-01-02 13:30:40,545 - __main__ - INFO - Starting registrations for new patient (018_S_0369)
2020-01-02 13:30:40,545 - __main__ - INFO - Starting registration of (018_S_0369__2006-10-31_13_29_25.nii, 018_S_0369__2007-04-24_09_26_28.nii)
2020-01-02 13:45:39,334 - __main__ - INFO - Registration done and new image file is written to /Users/umutkucukaslan/Desktop/pmsd/dataset/data/018_S_0369/2007-04-24_09_26_28/reg_018_S_0369__2007-04-24_09_26_28.nii
2020-01-02 13:45:39,337 - __main__ - INFO - Starting registration of (018_S_0369__2006-10-31_13_29_25.nii, 018_S_0369__2008-05-13_09_29_25.nii)
2020-01-02 13:54:45,497 - __main__ - INFO - Registration done and new image file is written to /Users/umutkucukaslan/Desktop/pmsd/dataset/data/018_S_0369/2008-05-13_09_29_25/reg_018_S_0369__2008-05-13_09_29_25.nii
2020-01-02 13:54:45,499 - __main__ - INFO - Starting registrations for new patient (018_S_0425)
2020-01-02 13:54:45,501 - __main__ - WARNING - There are more than one image file, possible registered version is also in the folder. Continuing...
2020-01-02 13:54:45,501 - __main__ - WARNING - There are more than one image file, possible registered version is also in the folder. Continuing...
2020-01-02 13:54:45,501 - __main__ - WARNING - There are more than one image file, possible registered version is also in the folder. Continuing...
2020-01-02 13:54:45,502 - __main__ - INFO - Starting registrations for new patient (018_S_0450)
2020-01-02 13:54:45,503 - __main__ - INFO - Starting registration of (018_S_0450__2006-06-23_15_21_55.nii, 018_S_0450__2006-12-08_10_11_49.nii)
2020-01-02 14:07:40,047 - __main__ - INFO - Registration done and new image file is written to /Users/umutkucukaslan/Desktop/pmsd/dataset/data/018_S_0450/2006-12-08_10_11_49/reg_018_S_0450__2006-12-08_10_11_49.nii
2020-01-02 14:07:40,049 - __main__ - INFO - Starting registration of (018_S_0450__2006-06-23_15_21_55.nii, 018_S_0450__2007-06-12_09_21_26.nii)
2020-01-02 14:22:19,732 - __main__ - INFO - Registration done and new image file is written to /Users/umutkucukaslan/Desktop/pmsd/dataset/data/018_S_0450/2007-06-12_09_21_26/reg_018_S_0450__2007-06-12_09_21_26.nii
2020-01-02 14:22:19,735 - __main__ - INFO - Starting registration of (018_S_0450__2006-06-23_15_21_55.nii, 018_S_0450__2007-12-10_09_31_28.nii)
